<?xml version="1.0" encoding="UTF-8"?>
<!-- Generated by org.testng.reporters.JUnitXMLReporter -->
<testsuite ignored="7" hostname="Sagaya-HP" failures="0" tests="1" name="Default test" time="15.846" errors="0" timestamp="2022-09-02T13:42:25 EDT">
  <testcase classname="com.amazon.qa.testcases.ShoppingCartTest" name="verifyRemoveAllIteminCart" time="4.754"/>
  <testcase classname="com.amazon.qa.testcases.ShoppingCartTest" name="verifyAddSameItemMultipleTimes" time="0.0">
    <ignored/>
  </testcase> <!-- verifyAddSameItemMultipleTimes -->
  <testcase classname="com.amazon.qa.testcases.ShoppingCartTest" name="verifyRemoveSomeIteminCart" time="0.0">
    <ignored/>
  </testcase> <!-- verifyRemoveSomeIteminCart -->
  <testcase classname="com.amazon.qa.testcases.ShoppingCartTest" name="verifyClickOnTheItemIntheCart" time="0.0">
    <ignored/>
  </testcase> <!-- verifyClickOnTheItemIntheCart -->
  <testcase classname="com.amazon.qa.testcases.ShoppingCartTest" name="verifyAddToCart" time="0.0">
    <ignored/>
  </testcase> <!-- verifyAddToCart -->
  <testcase classname="com.amazon.qa.testcases.ShoppingCartTest" name="verifyAddQuantity" time="0.0">
    <ignored/>
  </testcase> <!-- verifyAddQuantity -->
  <testcase classname="com.amazon.qa.testcases.ShoppingCartTest" name="verifyAddMultipleItem" time="0.0">
    <ignored/>
  </testcase> <!-- verifyAddMultipleItem -->
  <testcase classname="com.amazon.qa.testcases.ShoppingCartTest" name="Title" time="0.0">
    <ignored/>
  </testcase> <!-- Title -->
</testsuite> <!-- Default test -->
