<?xml version="1.0" encoding="UTF-8"?>
<testng-results ignored="7" total="8" passed="1" failed="0" skipped="0">
  <reporter-output>
  </reporter-output>
  <suite started-at="2022-09-02T13:42:10 EDT" name="Default suite" finished-at="2022-09-02T13:42:25 EDT" duration-ms="15846">
    <groups>
    </groups>
    <test started-at="2022-09-02T13:42:10 EDT" name="Default test" finished-at="2022-09-02T13:42:25 EDT" duration-ms="15846">
      <class name="com.amazon.qa.testcases.ShoppingCartTest">
        <test-method is-config="true" signature="initseup()[pri:0, instance:com.amazon.qa.testcases.ShoppingCartTest@74e52303]" started-at="2022-09-02T13:42:10 EDT" name="initseup" finished-at="2022-09-02T13:42:20 EDT" duration-ms="10793" status="PASS">
          <reporter-output>
          </reporter-output>
        </test-method> <!-- initseup -->
        <test-method signature="verifyRemoveAllIteminCart()[pri:7, instance:com.amazon.qa.testcases.ShoppingCartTest@74e52303]" started-at="2022-09-02T13:42:20 EDT" name="verifyRemoveAllIteminCart" finished-at="2022-09-02T13:42:25 EDT" duration-ms="4754" status="PASS">
          <reporter-output>
          </reporter-output>
        </test-method> <!-- verifyRemoveAllIteminCart -->
        <test-method is-config="true" signature="close()[pri:0, instance:com.amazon.qa.testcases.ShoppingCartTest@74e52303]" started-at="2022-09-02T13:42:25 EDT" name="close" finished-at="2022-09-02T13:42:25 EDT" duration-ms="266" status="PASS">
          <reporter-output>
          </reporter-output>
        </test-method> <!-- close -->
      </class> <!-- com.amazon.qa.testcases.ShoppingCartTest -->
    </test> <!-- Default test -->
  </suite> <!-- Default suite -->
</testng-results>
